  stdafx.cpp
  LabProject.cpp
  GameObject.cpp
c:\windowsdocumnet\3학년 1학기 수업 자료\3d게임프로그래밍1\directx10\3d게임1 과제01\gameobject.cpp(51): warning C4244: '=': 'double'에서 'float'(으)로 변환하면서 데이터가 손실될 수 있습니다.
c:\windowsdocumnet\3학년 1학기 수업 자료\3d게임프로그래밍1\directx10\3d게임1 과제01\gameobject.cpp(52): warning C4244: '=': 'double'에서 'float'(으)로 변환하면서 데이터가 손실될 수 있습니다.
c:\windowsdocumnet\3학년 1학기 수업 자료\3d게임프로그래밍1\directx10\3d게임1 과제01\gameobject.cpp(53): warning C4244: '=': 'double'에서 'float'(으)로 변환하면서 데이터가 손실될 수 있습니다.
c:\windowsdocumnet\3학년 1학기 수업 자료\3d게임프로그래밍1\directx10\3d게임1 과제01\gameobject.cpp(54): warning C4244: '=': 'double'에서 'float'(으)로 변환하면서 데이터가 손실될 수 있습니다.
c:\windowsdocumnet\3학년 1학기 수업 자료\3d게임프로그래밍1\directx10\3d게임1 과제01\gameobject.cpp(63): warning C4244: '=': 'double'에서 'float'(으)로 변환하면서 데이터가 손실될 수 있습니다.
c:\windowsdocumnet\3학년 1학기 수업 자료\3d게임프로그래밍1\directx10\3d게임1 과제01\gameobject.cpp(64): warning C4244: '=': 'double'에서 'float'(으)로 변환하면서 데이터가 손실될 수 있습니다.
c:\windowsdocumnet\3학년 1학기 수업 자료\3d게임프로그래밍1\directx10\3d게임1 과제01\gameobject.cpp(65): warning C4244: '=': 'double'에서 'float'(으)로 변환하면서 데이터가 손실될 수 있습니다.
c:\windowsdocumnet\3학년 1학기 수업 자료\3d게임프로그래밍1\directx10\3d게임1 과제01\gameobject.cpp(66): warning C4244: '=': 'double'에서 'float'(으)로 변환하면서 데이터가 손실될 수 있습니다.
c:\windowsdocumnet\3학년 1학기 수업 자료\3d게임프로그래밍1\directx10\3d게임1 과제01\gameobject.cpp(76): warning C4244: '=': 'double'에서 'float'(으)로 변환하면서 데이터가 손실될 수 있습니다.
c:\windowsdocumnet\3학년 1학기 수업 자료\3d게임프로그래밍1\directx10\3d게임1 과제01\gameobject.cpp(77): warning C4244: '=': 'double'에서 'float'(으)로 변환하면서 데이터가 손실될 수 있습니다.
c:\windowsdocumnet\3학년 1학기 수업 자료\3d게임프로그래밍1\directx10\3d게임1 과제01\gameobject.cpp(78): warning C4244: '=': 'double'에서 'float'(으)로 변환하면서 데이터가 손실될 수 있습니다.
c:\windowsdocumnet\3학년 1학기 수업 자료\3d게임프로그래밍1\directx10\3d게임1 과제01\gameobject.cpp(79): warning C4244: '=': 'double'에서 'float'(으)로 변환하면서 데이터가 손실될 수 있습니다.
c:\windowsdocumnet\3학년 1학기 수업 자료\3d게임프로그래밍1\directx10\3d게임1 과제01\gameobject.cpp(119): warning C4244: '=': 'double'에서 'float'(으)로 변환하면서 데이터가 손실될 수 있습니다.
c:\windowsdocumnet\3학년 1학기 수업 자료\3d게임프로그래밍1\directx10\3d게임1 과제01\gameobject.cpp(120): warning C4244: '=': 'double'에서 'float'(으)로 변환하면서 데이터가 손실될 수 있습니다.
c:\windowsdocumnet\3학년 1학기 수업 자료\3d게임프로그래밍1\directx10\3d게임1 과제01\gameobject.cpp(121): warning C4244: '=': 'double'에서 'float'(으)로 변환하면서 데이터가 손실될 수 있습니다.
c:\windowsdocumnet\3학년 1학기 수업 자료\3d게임프로그래밍1\directx10\3d게임1 과제01\gameobject.cpp(122): warning C4244: '=': 'double'에서 'float'(으)로 변환하면서 데이터가 손실될 수 있습니다.
c:\windowsdocumnet\3학년 1학기 수업 자료\3d게임프로그래밍1\directx10\3d게임1 과제01\gameobject.cpp(134): warning C4244: '=': 'double'에서 'float'(으)로 변환하면서 데이터가 손실될 수 있습니다.
c:\windowsdocumnet\3학년 1학기 수업 자료\3d게임프로그래밍1\directx10\3d게임1 과제01\gameobject.cpp(135): warning C4244: '=': 'double'에서 'float'(으)로 변환하면서 데이터가 손실될 수 있습니다.
c:\windowsdocumnet\3학년 1학기 수업 자료\3d게임프로그래밍1\directx10\3d게임1 과제01\gameobject.cpp(136): warning C4244: '=': 'double'에서 'float'(으)로 변환하면서 데이터가 손실될 수 있습니다.
c:\windowsdocumnet\3학년 1학기 수업 자료\3d게임프로그래밍1\directx10\3d게임1 과제01\gameobject.cpp(137): warning C4244: '=': 'double'에서 'float'(으)로 변환하면서 데이터가 손실될 수 있습니다.
c:\windowsdocumnet\3학년 1학기 수업 자료\3d게임프로그래밍1\directx10\3d게임1 과제01\gameobject.cpp(148): warning C4244: '=': 'double'에서 'float'(으)로 변환하면서 데이터가 손실될 수 있습니다.
c:\windowsdocumnet\3학년 1학기 수업 자료\3d게임프로그래밍1\directx10\3d게임1 과제01\gameobject.cpp(149): warning C4244: '=': 'double'에서 'float'(으)로 변환하면서 데이터가 손실될 수 있습니다.
c:\windowsdocumnet\3학년 1학기 수업 자료\3d게임프로그래밍1\directx10\3d게임1 과제01\gameobject.cpp(150): warning C4244: '=': 'double'에서 'float'(으)로 변환하면서 데이터가 손실될 수 있습니다.
c:\windowsdocumnet\3학년 1학기 수업 자료\3d게임프로그래밍1\directx10\3d게임1 과제01\gameobject.cpp(151): warning C4244: '=': 'double'에서 'float'(으)로 변환하면서 데이터가 손실될 수 있습니다.
c:\windowsdocumnet\3학년 1학기 수업 자료\3d게임프로그래밍1\directx10\3d게임1 과제01\gameobject.cpp(29): warning C4101: 'viewport' :참조되지 않은 지역 변수입니다.
  GameFramework.cpp
c:\windowsdocumnet\3학년 1학기 수업 자료\3d게임프로그래밍1\directx10\3d게임1 과제01\gameframework.cpp(42): warning C4244: '인수': 'LONG'에서 'float'(으)로 변환하면서 데이터가 손실될 수 있습니다.
c:\windowsdocumnet\3학년 1학기 수업 자료\3d게임프로그래밍1\directx10\3d게임1 과제01\gameframework.cpp(35): warning C4996: 'freopen': This function or variable may be unsafe. Consider using freopen_s instead. To disable deprecation, use _CRT_SECURE_NO_WARNINGS. See online help for details.
  c:\program files (x86)\windows kits\10\include\10.0.10240.0\ucrt\stdio.h(240): note: 'freopen' 선언을 참조하십시오.
c:\windowsdocumnet\3학년 1학기 수업 자료\3d게임프로그래밍1\directx10\3d게임1 과제01\gameframework.cpp(58): warning C4244: '인수': 'float'에서 'int'(으)로 변환하면서 데이터가 손실될 수 있습니다.
c:\windowsdocumnet\3학년 1학기 수업 자료\3d게임프로그래밍1\directx10\3d게임1 과제01\gameframework.cpp(69): warning C4244: '인수': 'float'에서 'int'(으)로 변환하면서 데이터가 손실될 수 있습니다.
c:\windowsdocumnet\3학년 1학기 수업 자료\3d게임프로그래밍1\directx10\3d게임1 과제01\gameframework.cpp(77): warning C4244: '인수': 'float'에서 'int'(으)로 변환하면서 데이터가 손실될 수 있습니다.
c:\windowsdocumnet\3학년 1학기 수업 자료\3d게임프로그래밍1\directx10\3d게임1 과제01\gameframework.cpp(97): warning C4305: '인수': 'double'에서 'float'(으)로 잘립니다.
c:\windowsdocumnet\3학년 1학기 수업 자료\3d게임프로그래밍1\directx10\3d게임1 과제01\gameframework.cpp(109): warning C4244: '인수': 'int'에서 'float'(으)로 변환하면서 데이터가 손실될 수 있습니다.
c:\windowsdocumnet\3학년 1학기 수업 자료\3d게임프로그래밍1\directx10\3d게임1 과제01\gameframework.cpp(110): warning C4244: '=': 'double'에서 'float'(으)로 변환하면서 데이터가 손실될 수 있습니다.
  코드를 생성하고 있습니다...
GameFramework.obj : warning LNK4075: '/EDITANDCONTINUE'이(가) '/OPT:LBR' 사양으로 인해 무시됩니다.
  LabProject.vcxproj -> C:\WindowsDocumnet\3학년 1학기 수업 자료\3D게임프로그래밍1\DirectX10\3D게임1 과제01\Debug\3DGameProject01.exe
